[0m13:29:42.998862 [debug] [MainThread]: Sending event: {'category': 'dbt', 'action': 'invocation', 'label': 'start', 'context': [<snowplow_tracker.self_describing_json.SelfDescribingJson object at 0x00000252DD3E9010>, <snowplow_tracker.self_describing_json.SelfDescribingJson object at 0x00000252DE763ED0>, <snowplow_tracker.self_describing_json.SelfDescribingJson object at 0x00000252DE763B10>]}


============================== 13:29:43.005997 | 6b2acac5-aa99-467c-9cdb-62446970cbd8 ==============================
[0m13:29:43.005997 [info ] [MainThread]: Running with dbt=1.11.0-rc3
[0m13:29:43.007176 [debug] [MainThread]: running dbt with arguments {'version_check': 'True', 'no_print': 'None', 'static_parser': 'True', 'target_path': 'None', 'warn_error_options': 'WarnErrorOptionsV2(error=[], warn=[], silence=[])', 'printer_width': '80', 'write_json': 'True', 'introspect': 'True', 'log_cache_events': 'False', 'empty': 'None', 'cache_selected_only': 'False', 'log_format': 'default', 'debug': 'False', 'fail_fast': 'False', 'partial_parse': 'True', 'send_anonymous_usage_stats': 'True', 'quiet': 'False', 'warn_error': 'None', 'profiles_dir': 'C:\\Users\\ducketju\\.dbt', 'indirect_selection': 'eager', 'invocation_command': 'dbt init transform', 'use_colors': 'True', 'use_experimental_parser': 'False', 'log_path': 'logs'}
[0m13:29:43.042889 [info ] [MainThread]: Creating dbt configuration folder at C:\Users\ducketju\.dbt
[0m13:29:43.046820 [debug] [MainThread]: Starter project path: C:\Users\ducketju\OneDrive - Government of Ontario\Documents\analytics-engineering-projects\toronto-bikeshare-pipeline\venv\Lib\site-packages\dbt\include\starter_project
[0m13:29:43.111900 [info ] [MainThread]: 
Your new dbt project "transform" was created!

For more information on how to configure the profiles.yml file,
please consult the dbt documentation here:

  https://docs.getdbt.com/docs/configure-your-profile

One more thing:

Need help? Don't hesitate to reach out to us via GitHub issues or on Slack:

  https://community.getdbt.com/

Happy modeling!

[0m13:29:43.113083 [info ] [MainThread]: Setting up your profile.
[0m13:41:16.246462 [info ] [MainThread]: Profile transform written to C:\Users\ducketju\.dbt\profiles.yml using target's profile_template.yml and your supplied values. Run 'dbt debug' to validate the connection.
[0m13:41:16.250263 [debug] [MainThread]: Command `dbt init` succeeded at 13:41:16.249935 after 693.42 seconds
[0m13:41:16.250931 [debug] [MainThread]: Sending event: {'category': 'dbt', 'action': 'invocation', 'label': 'end', 'context': [<snowplow_tracker.self_describing_json.SelfDescribingJson object at 0x00000252FCACBA80>, <snowplow_tracker.self_describing_json.SelfDescribingJson object at 0x00000252FCAF7410>, <snowplow_tracker.self_describing_json.SelfDescribingJson object at 0x00000252FCABEE00>]}
[0m13:41:16.251670 [debug] [MainThread]: Flushing usage events
[0m13:41:17.014256 [debug] [MainThread]: An error was encountered while trying to flush usage events
